{
  "RSpec": {
    "coverage": {
      "/Users/main/makers/week10/tech_test/tech_test_bank/spec/account_spec.rb": [
        1,
        null,
        1,
        8,
        null,
        1,
        1,
        1,
        null,
        1,
        1,
        null,
        null,
        null,
        1,
        1,
        1,
        null,
        null,
        null,
        1,
        1,
        1,
        1,
        null,
        null,
        null,
        1,
        1,
        1,
        1,
        null,
        null,
        null,
        1,
        1,
        1,
        1,
        1,
        null,
        null,
        1,
        1,
        1,
        1,
        1,
        null,
        null,
        null,
        1,
        1,
        1,
        1,
        1,
        2,
        null,
        null,
        null
      ],
      "/Users/main/makers/week10/tech_test/tech_test_bank/lib/account.rb": [
        null,
        1,
        null,
        1,
        1,
        null,
        1,
        null,
        1,
        7,
        7,
        7,
        null,
        null,
        1,
        8,
        null,
        null,
        1,
        3,
        3,
        null,
        null,
        1,
        2,
        2,
        null,
        null,
        1,
        1,
        0,
        null,
        null
      ],
      "/Users/main/makers/week10/tech_test/tech_test_bank/lib/statement.rb": [
        null,
        1,
        null,
        1,
        0,
        0,
        null,
        null,
        null,
        null
      ],
      "/Users/main/makers/week10/tech_test/tech_test_bank/spec/statement_spec.rb": [
        1
      ]
    },
    "timestamp": 1507028213
  }
}
