{
  "RSpec": {
    "coverage": {
      "/Users/main/makers/week10/tech_test/tech_test_bank/spec/account_spec.rb": [
        1,
        null,
        1,
        7,
        null,
        1,
        1,
        1,
        null,
        1,
        1,
        null,
        null,
        null,
        1,
        1,
        1,
        null,
        null,
        null,
        1,
        1,
        1,
        1,
        null,
        null,
        null,
        1,
        1,
        1,
        1,
        null,
        null,
        null,
        1,
        1,
        1,
        1,
        1,
        null,
        null,
        1,
        1,
        1,
        1,
        1,
        null,
        null,
        null,
        null,
        null,
        null,
        null,
        null,
        null,
        null,
        null,
        null
      ],
      "/Users/main/makers/week10/tech_test/tech_test_bank/lib/account.rb": [
        null,
        1,
        null,
        1,
        1,
        null,
        1,
        null,
        1,
        6,
        6,
        6,
        6,
        null,
        null,
        null,
        null,
        null,
        null,
        1,
        2,
        2,
        null,
        null,
        1,
        2,
        2,
        null,
        null,
        1,
        0,
        null,
        null,
        1,
        null,
        1,
        6,
        6,
        null,
        null,
        null,
        null,
        null
      ],
      "/Users/main/makers/week10/tech_test/tech_test_bank/lib/statement.rb": [
        null,
        1,
        null,
        1,
        2,
        null,
        null,
        1,
        2,
        4,
        null,
        null,
        null,
        1,
        1,
        1,
        null,
        null,
        null
      ],
      "/Users/main/makers/week10/tech_test/tech_test_bank/spec/statement_spec.rb": [
        1,
        null,
        1,
        null,
        4,
        null,
        1,
        1,
        1,
        null,
        null,
        null,
        null,
        null,
        null,
        null,
        null,
        null,
        null,
        null,
        null,
        null,
        1,
        null,
        null,
        null,
        1,
        1,
        2,
        null,
        null,
        null,
        1,
        1,
        1,
        2,
        null,
        null,
        null,
        1,
        1,
        1,
        2,
        null,
        null,
        null,
        null
      ]
    },
    "timestamp": 1507041470
  }
}
